<?xml version="1.0" encoding="UTF-8"?>
<testsuite xmlns:xsi="http://www.w3.org/2001/XMLSchema-instance" xsi:noNamespaceSchemaLocation="https://maven.apache.org/surefire/maven-surefire-plugin/xsd/surefire-test-report-3.0.xsd" version="3.0" name="planit.Run" time="108.844" tests="7" errors="0" skipped="0" failures="0">
  <properties>
    <property name="java.specification.version" value="17"/>
    <property name="sun.jnu.encoding" value="UTF-8"/>
    <property name="java.class.path" value="/Users/joel.golecruz/testautomation/PlanitTestAutomationAssessment/target/test-classes:/Users/joel.golecruz/testautomation/PlanitTestAutomationAssessment/target/classes:/Users/joel.golecruz/.m2/repository/org/seleniumhq/selenium/selenium-java/4.3.0/selenium-java-4.3.0.jar:/Users/joel.golecruz/.m2/repository/org/seleniumhq/selenium/selenium-api/4.3.0/selenium-api-4.3.0.jar:/Users/joel.golecruz/.m2/repository/org/seleniumhq/selenium/selenium-chrome-driver/4.3.0/selenium-chrome-driver-4.3.0.jar:/Users/joel.golecruz/.m2/repository/com/google/auto/service/auto-service-annotations/1.0.1/auto-service-annotations-1.0.1.jar:/Users/joel.golecruz/.m2/repository/com/google/auto/service/auto-service/1.0.1/auto-service-1.0.1.jar:/Users/joel.golecruz/.m2/repository/com/google/auto/auto-common/1.2/auto-common-1.2.jar:/Users/joel.golecruz/.m2/repository/com/google/guava/guava/31.1-jre/guava-31.1-jre.jar:/Users/joel.golecruz/.m2/repository/com/google/guava/failureaccess/1.0.1/failureaccess-1.0.1.jar:/Users/joel.golecruz/.m2/repository/com/google/guava/listenablefuture/9999.0-empty-to-avoid-conflict-with-guava/listenablefuture-9999.0-empty-to-avoid-conflict-with-guava.jar:/Users/joel.golecruz/.m2/repository/com/google/code/findbugs/jsr305/3.0.2/jsr305-3.0.2.jar:/Users/joel.golecruz/.m2/repository/org/checkerframework/checker-qual/3.12.0/checker-qual-3.12.0.jar:/Users/joel.golecruz/.m2/repository/com/google/errorprone/error_prone_annotations/2.11.0/error_prone_annotations-2.11.0.jar:/Users/joel.golecruz/.m2/repository/com/google/j2objc/j2objc-annotations/1.3/j2objc-annotations-1.3.jar:/Users/joel.golecruz/.m2/repository/org/seleniumhq/selenium/selenium-chromium-driver/4.3.0/selenium-chromium-driver-4.3.0.jar:/Users/joel.golecruz/.m2/repository/org/seleniumhq/selenium/selenium-json/4.3.0/selenium-json-4.3.0.jar:/Users/joel.golecruz/.m2/repository/org/seleniumhq/selenium/selenium-devtools-v101/4.3.0/selenium-devtools-v101-4.3.0.jar:/Users/joel.golecruz/.m2/repository/org/seleniumhq/selenium/selenium-devtools-v102/4.3.0/selenium-devtools-v102-4.3.0.jar:/Users/joel.golecruz/.m2/repository/org/seleniumhq/selenium/selenium-devtools-v103/4.3.0/selenium-devtools-v103-4.3.0.jar:/Users/joel.golecruz/.m2/repository/org/seleniumhq/selenium/selenium-devtools-v85/4.3.0/selenium-devtools-v85-4.3.0.jar:/Users/joel.golecruz/.m2/repository/org/seleniumhq/selenium/selenium-edge-driver/4.3.0/selenium-edge-driver-4.3.0.jar:/Users/joel.golecruz/.m2/repository/org/seleniumhq/selenium/selenium-firefox-driver/4.3.0/selenium-firefox-driver-4.3.0.jar:/Users/joel.golecruz/.m2/repository/org/seleniumhq/selenium/selenium-ie-driver/4.3.0/selenium-ie-driver-4.3.0.jar:/Users/joel.golecruz/.m2/repository/org/seleniumhq/selenium/selenium-opera-driver/4.3.0/selenium-opera-driver-4.3.0.jar:/Users/joel.golecruz/.m2/repository/org/seleniumhq/selenium/selenium-remote-driver/4.3.0/selenium-remote-driver-4.3.0.jar:/Users/joel.golecruz/.m2/repository/com/beust/jcommander/1.82/jcommander-1.82.jar:/Users/joel.golecruz/.m2/repository/io/netty/netty-buffer/4.1.78.Final/netty-buffer-4.1.78.Final.jar:/Users/joel.golecruz/.m2/repository/io/netty/netty-codec-http/4.1.78.Final/netty-codec-http-4.1.78.Final.jar:/Users/joel.golecruz/.m2/repository/io/netty/netty-codec/4.1.78.Final/netty-codec-4.1.78.Final.jar:/Users/joel.golecruz/.m2/repository/io/netty/netty-handler/4.1.78.Final/netty-handler-4.1.78.Final.jar:/Users/joel.golecruz/.m2/repository/io/netty/netty-common/4.1.78.Final/netty-common-4.1.78.Final.jar:/Users/joel.golecruz/.m2/repository/io/netty/netty-transport-classes-epoll/4.1.78.Final/netty-transport-classes-epoll-4.1.78.Final.jar:/Users/joel.golecruz/.m2/repository/io/netty/netty-transport-classes-kqueue/4.1.78.Final/netty-transport-classes-kqueue-4.1.78.Final.jar:/Users/joel.golecruz/.m2/repository/io/netty/netty-transport-native-epoll/4.1.78.Final/netty-transport-native-epoll-4.1.78.Final.jar:/Users/joel.golecruz/.m2/repository/io/netty/netty-transport-native-kqueue/4.1.78.Final/netty-transport-native-kqueue-4.1.78.Final.jar:/Users/joel.golecruz/.m2/repository/io/netty/netty-transport-native-unix-common/4.1.78.Final/netty-transport-native-unix-common-4.1.78.Final.jar:/Users/joel.golecruz/.m2/repository/io/netty/netty-transport/4.1.78.Final/netty-transport-4.1.78.Final.jar:/Users/joel.golecruz/.m2/repository/io/netty/netty-resolver/4.1.78.Final/netty-resolver-4.1.78.Final.jar:/Users/joel.golecruz/.m2/repository/io/opentelemetry/opentelemetry-api/1.15.0/opentelemetry-api-1.15.0.jar:/Users/joel.golecruz/.m2/repository/io/opentelemetry/opentelemetry-context/1.15.0/opentelemetry-context-1.15.0.jar:/Users/joel.golecruz/.m2/repository/io/opentelemetry/opentelemetry-exporter-logging/1.15.0/opentelemetry-exporter-logging-1.15.0.jar:/Users/joel.golecruz/.m2/repository/io/opentelemetry/opentelemetry-sdk-metrics/1.15.0/opentelemetry-sdk-metrics-1.15.0.jar:/Users/joel.golecruz/.m2/repository/io/opentelemetry/opentelemetry-sdk-logs/1.15.0-alpha/opentelemetry-sdk-logs-1.15.0-alpha.jar:/Users/joel.golecruz/.m2/repository/io/opentelemetry/opentelemetry-sdk-common/1.15.0/opentelemetry-sdk-common-1.15.0.jar:/Users/joel.golecruz/.m2/repository/io/opentelemetry/opentelemetry-sdk-extension-autoconfigure-spi/1.15.0/opentelemetry-sdk-extension-autoconfigure-spi-1.15.0.jar:/Users/joel.golecruz/.m2/repository/io/opentelemetry/opentelemetry-sdk-extension-autoconfigure/1.15.0-alpha/opentelemetry-sdk-extension-autoconfigure-1.15.0-alpha.jar:/Users/joel.golecruz/.m2/repository/io/opentelemetry/opentelemetry-sdk-trace/1.15.0/opentelemetry-sdk-trace-1.15.0.jar:/Users/joel.golecruz/.m2/repository/io/opentelemetry/opentelemetry-sdk/1.15.0/opentelemetry-sdk-1.15.0.jar:/Users/joel.golecruz/.m2/repository/io/opentelemetry/opentelemetry-semconv/1.15.0-alpha/opentelemetry-semconv-1.15.0-alpha.jar:/Users/joel.golecruz/.m2/repository/io/ous/jtoml/2.0.0/jtoml-2.0.0.jar:/Users/joel.golecruz/.m2/repository/net/bytebuddy/byte-buddy/1.12.10/byte-buddy-1.12.10.jar:/Users/joel.golecruz/.m2/repository/org/apache/commons/commons-exec/1.3/commons-exec-1.3.jar:/Users/joel.golecruz/.m2/repository/org/asynchttpclient/async-http-client/2.12.3/async-http-client-2.12.3.jar:/Users/joel.golecruz/.m2/repository/org/asynchttpclient/async-http-client-netty-utils/2.12.3/async-http-client-netty-utils-2.12.3.jar:/Users/joel.golecruz/.m2/repository/io/netty/netty-codec-socks/4.1.60.Final/netty-codec-socks-4.1.60.Final.jar:/Users/joel.golecruz/.m2/repository/io/netty/netty-handler-proxy/4.1.60.Final/netty-handler-proxy-4.1.60.Final.jar:/Users/joel.golecruz/.m2/repository/io/netty/netty-transport-native-epoll/4.1.60.Final/netty-transport-native-epoll-4.1.60.Final-linux-x86_64.jar:/Users/joel.golecruz/.m2/repository/io/netty/netty-transport-native-kqueue/4.1.60.Final/netty-transport-native-kqueue-4.1.60.Final-osx-x86_64.jar:/Users/joel.golecruz/.m2/repository/org/reactivestreams/reactive-streams/1.0.3/reactive-streams-1.0.3.jar:/Users/joel.golecruz/.m2/repository/com/typesafe/netty/netty-reactive-streams/2.0.4/netty-reactive-streams-2.0.4.jar:/Users/joel.golecruz/.m2/repository/org/slf4j/slf4j-api/1.7.30/slf4j-api-1.7.30.jar:/Users/joel.golecruz/.m2/repository/com/sun/activation/jakarta.activation/1.2.2/jakarta.activation-1.2.2.jar:/Users/joel.golecruz/.m2/repository/org/seleniumhq/selenium/selenium-http/4.3.0/selenium-http-4.3.0.jar:/Users/joel.golecruz/.m2/repository/dev/failsafe/failsafe/3.2.4/failsafe-3.2.4.jar:/Users/joel.golecruz/.m2/repository/org/seleniumhq/selenium/selenium-safari-driver/4.3.0/selenium-safari-driver-4.3.0.jar:/Users/joel.golecruz/.m2/repository/org/seleniumhq/selenium/selenium-support/4.3.0/selenium-support-4.3.0.jar:/Users/joel.golecruz/.m2/repository/io/cucumber/cucumber-java/7.5.0/cucumber-java-7.5.0.jar:/Users/joel.golecruz/.m2/repository/io/cucumber/cucumber-core/7.5.0/cucumber-core-7.5.0.jar:/Users/joel.golecruz/.m2/repository/io/cucumber/cucumber-gherkin/7.5.0/cucumber-gherkin-7.5.0.jar:/Users/joel.golecruz/.m2/repository/io/cucumber/cucumber-gherkin-messages/7.5.0/cucumber-gherkin-messages-7.5.0.jar:/Users/joel.golecruz/.m2/repository/io/cucumber/gherkin/23.0.1/gherkin-23.0.1.jar:/Users/joel.golecruz/.m2/repository/io/cucumber/messages/18.0.0/messages-18.0.0.jar:/Users/joel.golecruz/.m2/repository/io/cucumber/tag-expressions/4.1.0/tag-expressions-4.1.0.jar:/Users/joel.golecruz/.m2/repository/io/cucumber/cucumber-expressions/16.0.0/cucumber-expressions-16.0.0.jar:/Users/joel.golecruz/.m2/repository/io/cucumber/datatable/7.5.0/datatable-7.5.0.jar:/Users/joel.golecruz/.m2/repository/io/cucumber/cucumber-plugin/7.5.0/cucumber-plugin-7.5.0.jar:/Users/joel.golecruz/.m2/repository/io/cucumber/docstring/7.5.0/docstring-7.5.0.jar:/Users/joel.golecruz/.m2/repository/io/cucumber/html-formatter/19.2.0/html-formatter-19.2.0.jar:/Users/joel.golecruz/.m2/repository/io/cucumber/ci-environment/9.1.0/ci-environment-9.1.0.jar:/Users/joel.golecruz/.m2/repository/org/apiguardian/apiguardian-api/1.1.2/apiguardian-api-1.1.2.jar:/Users/joel.golecruz/.m2/repository/io/cucumber/cucumber-junit/7.5.0/cucumber-junit-7.5.0.jar:/Users/joel.golecruz/.m2/repository/junit/junit/4.13.2/junit-4.13.2.jar:/Users/joel.golecruz/.m2/repository/org/hamcrest/hamcrest-core/1.3/hamcrest-core-1.3.jar:"/>
    <property name="java.vm.vendor" value="Eclipse Adoptium"/>
    <property name="sun.arch.data.model" value="64"/>
    <property name="java.vendor.url" value="https://adoptium.net/"/>
    <property name="os.name" value="Mac OS X"/>
    <property name="java.vm.specification.version" value="17"/>
    <property name="sun.java.launcher" value="SUN_STANDARD"/>
    <property name="user.country" value="PH"/>
    <property name="sun.boot.library.path" value="/Users/joel.golecruz/.sdkman/candidates/java/17.0.3-tem/lib"/>
    <property name="sun.java.command" value="/Users/joel.golecruz/testautomation/PlanitTestAutomationAssessment/target/surefire/surefirebooter-20221109235300137_3.jar /Users/joel.golecruz/testautomation/PlanitTestAutomationAssessment/target/surefire 2022-11-09T23-52-59_857-jvmRun1 surefire-20221109235300137_1tmp surefire_0-20221109235300137_2tmp"/>
    <property name="http.nonProxyHosts" value="local|*.local|169.254/16|*.169.254/16"/>
    <property name="jdk.debug" value="release"/>
    <property name="surefire.test.class.path" value="/Users/joel.golecruz/testautomation/PlanitTestAutomationAssessment/target/test-classes:/Users/joel.golecruz/testautomation/PlanitTestAutomationAssessment/target/classes:/Users/joel.golecruz/.m2/repository/org/seleniumhq/selenium/selenium-java/4.3.0/selenium-java-4.3.0.jar:/Users/joel.golecruz/.m2/repository/org/seleniumhq/selenium/selenium-api/4.3.0/selenium-api-4.3.0.jar:/Users/joel.golecruz/.m2/repository/org/seleniumhq/selenium/selenium-chrome-driver/4.3.0/selenium-chrome-driver-4.3.0.jar:/Users/joel.golecruz/.m2/repository/com/google/auto/service/auto-service-annotations/1.0.1/auto-service-annotations-1.0.1.jar:/Users/joel.golecruz/.m2/repository/com/google/auto/service/auto-service/1.0.1/auto-service-1.0.1.jar:/Users/joel.golecruz/.m2/repository/com/google/auto/auto-common/1.2/auto-common-1.2.jar:/Users/joel.golecruz/.m2/repository/com/google/guava/guava/31.1-jre/guava-31.1-jre.jar:/Users/joel.golecruz/.m2/repository/com/google/guava/failureaccess/1.0.1/failureaccess-1.0.1.jar:/Users/joel.golecruz/.m2/repository/com/google/guava/listenablefuture/9999.0-empty-to-avoid-conflict-with-guava/listenablefuture-9999.0-empty-to-avoid-conflict-with-guava.jar:/Users/joel.golecruz/.m2/repository/com/google/code/findbugs/jsr305/3.0.2/jsr305-3.0.2.jar:/Users/joel.golecruz/.m2/repository/org/checkerframework/checker-qual/3.12.0/checker-qual-3.12.0.jar:/Users/joel.golecruz/.m2/repository/com/google/errorprone/error_prone_annotations/2.11.0/error_prone_annotations-2.11.0.jar:/Users/joel.golecruz/.m2/repository/com/google/j2objc/j2objc-annotations/1.3/j2objc-annotations-1.3.jar:/Users/joel.golecruz/.m2/repository/org/seleniumhq/selenium/selenium-chromium-driver/4.3.0/selenium-chromium-driver-4.3.0.jar:/Users/joel.golecruz/.m2/repository/org/seleniumhq/selenium/selenium-json/4.3.0/selenium-json-4.3.0.jar:/Users/joel.golecruz/.m2/repository/org/seleniumhq/selenium/selenium-devtools-v101/4.3.0/selenium-devtools-v101-4.3.0.jar:/Users/joel.golecruz/.m2/repository/org/seleniumhq/selenium/selenium-devtools-v102/4.3.0/selenium-devtools-v102-4.3.0.jar:/Users/joel.golecruz/.m2/repository/org/seleniumhq/selenium/selenium-devtools-v103/4.3.0/selenium-devtools-v103-4.3.0.jar:/Users/joel.golecruz/.m2/repository/org/seleniumhq/selenium/selenium-devtools-v85/4.3.0/selenium-devtools-v85-4.3.0.jar:/Users/joel.golecruz/.m2/repository/org/seleniumhq/selenium/selenium-edge-driver/4.3.0/selenium-edge-driver-4.3.0.jar:/Users/joel.golecruz/.m2/repository/org/seleniumhq/selenium/selenium-firefox-driver/4.3.0/selenium-firefox-driver-4.3.0.jar:/Users/joel.golecruz/.m2/repository/org/seleniumhq/selenium/selenium-ie-driver/4.3.0/selenium-ie-driver-4.3.0.jar:/Users/joel.golecruz/.m2/repository/org/seleniumhq/selenium/selenium-opera-driver/4.3.0/selenium-opera-driver-4.3.0.jar:/Users/joel.golecruz/.m2/repository/org/seleniumhq/selenium/selenium-remote-driver/4.3.0/selenium-remote-driver-4.3.0.jar:/Users/joel.golecruz/.m2/repository/com/beust/jcommander/1.82/jcommander-1.82.jar:/Users/joel.golecruz/.m2/repository/io/netty/netty-buffer/4.1.78.Final/netty-buffer-4.1.78.Final.jar:/Users/joel.golecruz/.m2/repository/io/netty/netty-codec-http/4.1.78.Final/netty-codec-http-4.1.78.Final.jar:/Users/joel.golecruz/.m2/repository/io/netty/netty-codec/4.1.78.Final/netty-codec-4.1.78.Final.jar:/Users/joel.golecruz/.m2/repository/io/netty/netty-handler/4.1.78.Final/netty-handler-4.1.78.Final.jar:/Users/joel.golecruz/.m2/repository/io/netty/netty-common/4.1.78.Final/netty-common-4.1.78.Final.jar:/Users/joel.golecruz/.m2/repository/io/netty/netty-transport-classes-epoll/4.1.78.Final/netty-transport-classes-epoll-4.1.78.Final.jar:/Users/joel.golecruz/.m2/repository/io/netty/netty-transport-classes-kqueue/4.1.78.Final/netty-transport-classes-kqueue-4.1.78.Final.jar:/Users/joel.golecruz/.m2/repository/io/netty/netty-transport-native-epoll/4.1.78.Final/netty-transport-native-epoll-4.1.78.Final.jar:/Users/joel.golecruz/.m2/repository/io/netty/netty-transport-native-kqueue/4.1.78.Final/netty-transport-native-kqueue-4.1.78.Final.jar:/Users/joel.golecruz/.m2/repository/io/netty/netty-transport-native-unix-common/4.1.78.Final/netty-transport-native-unix-common-4.1.78.Final.jar:/Users/joel.golecruz/.m2/repository/io/netty/netty-transport/4.1.78.Final/netty-transport-4.1.78.Final.jar:/Users/joel.golecruz/.m2/repository/io/netty/netty-resolver/4.1.78.Final/netty-resolver-4.1.78.Final.jar:/Users/joel.golecruz/.m2/repository/io/opentelemetry/opentelemetry-api/1.15.0/opentelemetry-api-1.15.0.jar:/Users/joel.golecruz/.m2/repository/io/opentelemetry/opentelemetry-context/1.15.0/opentelemetry-context-1.15.0.jar:/Users/joel.golecruz/.m2/repository/io/opentelemetry/opentelemetry-exporter-logging/1.15.0/opentelemetry-exporter-logging-1.15.0.jar:/Users/joel.golecruz/.m2/repository/io/opentelemetry/opentelemetry-sdk-metrics/1.15.0/opentelemetry-sdk-metrics-1.15.0.jar:/Users/joel.golecruz/.m2/repository/io/opentelemetry/opentelemetry-sdk-logs/1.15.0-alpha/opentelemetry-sdk-logs-1.15.0-alpha.jar:/Users/joel.golecruz/.m2/repository/io/opentelemetry/opentelemetry-sdk-common/1.15.0/opentelemetry-sdk-common-1.15.0.jar:/Users/joel.golecruz/.m2/repository/io/opentelemetry/opentelemetry-sdk-extension-autoconfigure-spi/1.15.0/opentelemetry-sdk-extension-autoconfigure-spi-1.15.0.jar:/Users/joel.golecruz/.m2/repository/io/opentelemetry/opentelemetry-sdk-extension-autoconfigure/1.15.0-alpha/opentelemetry-sdk-extension-autoconfigure-1.15.0-alpha.jar:/Users/joel.golecruz/.m2/repository/io/opentelemetry/opentelemetry-sdk-trace/1.15.0/opentelemetry-sdk-trace-1.15.0.jar:/Users/joel.golecruz/.m2/repository/io/opentelemetry/opentelemetry-sdk/1.15.0/opentelemetry-sdk-1.15.0.jar:/Users/joel.golecruz/.m2/repository/io/opentelemetry/opentelemetry-semconv/1.15.0-alpha/opentelemetry-semconv-1.15.0-alpha.jar:/Users/joel.golecruz/.m2/repository/io/ous/jtoml/2.0.0/jtoml-2.0.0.jar:/Users/joel.golecruz/.m2/repository/net/bytebuddy/byte-buddy/1.12.10/byte-buddy-1.12.10.jar:/Users/joel.golecruz/.m2/repository/org/apache/commons/commons-exec/1.3/commons-exec-1.3.jar:/Users/joel.golecruz/.m2/repository/org/asynchttpclient/async-http-client/2.12.3/async-http-client-2.12.3.jar:/Users/joel.golecruz/.m2/repository/org/asynchttpclient/async-http-client-netty-utils/2.12.3/async-http-client-netty-utils-2.12.3.jar:/Users/joel.golecruz/.m2/repository/io/netty/netty-codec-socks/4.1.60.Final/netty-codec-socks-4.1.60.Final.jar:/Users/joel.golecruz/.m2/repository/io/netty/netty-handler-proxy/4.1.60.Final/netty-handler-proxy-4.1.60.Final.jar:/Users/joel.golecruz/.m2/repository/io/netty/netty-transport-native-epoll/4.1.60.Final/netty-transport-native-epoll-4.1.60.Final-linux-x86_64.jar:/Users/joel.golecruz/.m2/repository/io/netty/netty-transport-native-kqueue/4.1.60.Final/netty-transport-native-kqueue-4.1.60.Final-osx-x86_64.jar:/Users/joel.golecruz/.m2/repository/org/reactivestreams/reactive-streams/1.0.3/reactive-streams-1.0.3.jar:/Users/joel.golecruz/.m2/repository/com/typesafe/netty/netty-reactive-streams/2.0.4/netty-reactive-streams-2.0.4.jar:/Users/joel.golecruz/.m2/repository/org/slf4j/slf4j-api/1.7.30/slf4j-api-1.7.30.jar:/Users/joel.golecruz/.m2/repository/com/sun/activation/jakarta.activation/1.2.2/jakarta.activation-1.2.2.jar:/Users/joel.golecruz/.m2/repository/org/seleniumhq/selenium/selenium-http/4.3.0/selenium-http-4.3.0.jar:/Users/joel.golecruz/.m2/repository/dev/failsafe/failsafe/3.2.4/failsafe-3.2.4.jar:/Users/joel.golecruz/.m2/repository/org/seleniumhq/selenium/selenium-safari-driver/4.3.0/selenium-safari-driver-4.3.0.jar:/Users/joel.golecruz/.m2/repository/org/seleniumhq/selenium/selenium-support/4.3.0/selenium-support-4.3.0.jar:/Users/joel.golecruz/.m2/repository/io/cucumber/cucumber-java/7.5.0/cucumber-java-7.5.0.jar:/Users/joel.golecruz/.m2/repository/io/cucumber/cucumber-core/7.5.0/cucumber-core-7.5.0.jar:/Users/joel.golecruz/.m2/repository/io/cucumber/cucumber-gherkin/7.5.0/cucumber-gherkin-7.5.0.jar:/Users/joel.golecruz/.m2/repository/io/cucumber/cucumber-gherkin-messages/7.5.0/cucumber-gherkin-messages-7.5.0.jar:/Users/joel.golecruz/.m2/repository/io/cucumber/gherkin/23.0.1/gherkin-23.0.1.jar:/Users/joel.golecruz/.m2/repository/io/cucumber/messages/18.0.0/messages-18.0.0.jar:/Users/joel.golecruz/.m2/repository/io/cucumber/tag-expressions/4.1.0/tag-expressions-4.1.0.jar:/Users/joel.golecruz/.m2/repository/io/cucumber/cucumber-expressions/16.0.0/cucumber-expressions-16.0.0.jar:/Users/joel.golecruz/.m2/repository/io/cucumber/datatable/7.5.0/datatable-7.5.0.jar:/Users/joel.golecruz/.m2/repository/io/cucumber/cucumber-plugin/7.5.0/cucumber-plugin-7.5.0.jar:/Users/joel.golecruz/.m2/repository/io/cucumber/docstring/7.5.0/docstring-7.5.0.jar:/Users/joel.golecruz/.m2/repository/io/cucumber/html-formatter/19.2.0/html-formatter-19.2.0.jar:/Users/joel.golecruz/.m2/repository/io/cucumber/ci-environment/9.1.0/ci-environment-9.1.0.jar:/Users/joel.golecruz/.m2/repository/org/apiguardian/apiguardian-api/1.1.2/apiguardian-api-1.1.2.jar:/Users/joel.golecruz/.m2/repository/io/cucumber/cucumber-junit/7.5.0/cucumber-junit-7.5.0.jar:/Users/joel.golecruz/.m2/repository/junit/junit/4.13.2/junit-4.13.2.jar:/Users/joel.golecruz/.m2/repository/org/hamcrest/hamcrest-core/1.3/hamcrest-core-1.3.jar:"/>
    <property name="sun.cpu.endian" value="little"/>
    <property name="user.home" value="/Users/joel.golecruz"/>
    <property name="user.language" value="en"/>
    <property name="java.specification.vendor" value="Oracle Corporation"/>
    <property name="java.version.date" value="2022-04-19"/>
    <property name="java.home" value="/Users/joel.golecruz/.sdkman/candidates/java/17.0.3-tem"/>
    <property name="file.separator" value="/"/>
    <property name="basedir" value="/Users/joel.golecruz/testautomation/PlanitTestAutomationAssessment"/>
    <property name="java.vm.compressedOopsMode" value="Zero based"/>
    <property name="line.separator" value="&#10;"/>
    <property name="java.vm.specification.vendor" value="Oracle Corporation"/>
    <property name="java.specification.name" value="Java Platform API Specification"/>
    <property name="surefire.real.class.path" value="/Users/joel.golecruz/testautomation/PlanitTestAutomationAssessment/target/surefire/surefirebooter-20221109235300137_3.jar"/>
    <property name="sun.management.compiler" value="HotSpot 64-Bit Tiered Compilers"/>
    <property name="ftp.nonProxyHosts" value="local|*.local|169.254/16|*.169.254/16"/>
    <property name="java.runtime.version" value="17.0.3+7"/>
    <property name="user.name" value="joel.golecruz"/>
    <property name="path.separator" value=":"/>
    <property name="os.version" value="12.5.1"/>
    <property name="java.runtime.name" value="OpenJDK Runtime Environment"/>
    <property name="file.encoding" value="US-ASCII"/>
    <property name="java.vm.name" value="OpenJDK 64-Bit Server VM"/>
    <property name="java.vendor.version" value="Temurin-17.0.3+7"/>
    <property name="localRepository" value="/Users/joel.golecruz/.m2/repository"/>
    <property name="java.vendor.url.bug" value="https://github.com/adoptium/adoptium-support/issues"/>
    <property name="java.io.tmpdir" value="/var/folders/kz/3b12v7ld63b5s7vhk90t9r0w0000gr/T/"/>
    <property name="java.version" value="17.0.3"/>
    <property name="cucumber.filter.tags" value="@TestTechnicalAssessment"/>
    <property name="user.dir" value="/Users/joel.golecruz/testautomation/PlanitTestAutomationAssessment"/>
    <property name="os.arch" value="aarch64"/>
    <property name="java.vm.specification.name" value="Java Virtual Machine Specification"/>
    <property name="native.encoding" value="US-ASCII"/>
    <property name="java.library.path" value="/Users/joel.golecruz/Library/Java/Extensions:/Library/Java/Extensions:/Network/Library/Java/Extensions:/System/Library/Java/Extensions:/usr/lib/java:."/>
    <property name="java.vm.info" value="mixed mode"/>
    <property name="java.vendor" value="Eclipse Adoptium"/>
    <property name="java.vm.version" value="17.0.3+7"/>
    <property name="sun.io.unicode.encoding" value="UnicodeBig"/>
    <property name="socksNonProxyHosts" value="local|*.local|169.254/16|*.169.254/16"/>
    <property name="java.class.version" value="61.0"/>
  </properties>
  <testcase name="Contact Page Error Messages #1" classname="Planit- Technical Assessment" time="18.395">
    <system-out><![CDATA[
@TestTechnicalAssessment
Scenario: Contact Page Error Messages                               &amp#27;[90m# src/test/java/planit/features/TechnicalAssessment.feature:5&amp#27;[0m
  &amp#27;[32mGiven &amp#27;[0m&amp#27;[32mI navigate to &amp#27;[0m&amp#27;[32m&amp#27;[1m"Jupiter Toys"&amp#27;[0m&amp#27;[32m home page&amp#27;[0m                      &amp#27;[90m# planit.steps.CommonSteps.navigateToAppHomePage(java.lang.String)&amp#27;[0m
  &amp#27;[32mAnd &amp#27;[0m&amp#27;[32mI go to &amp#27;[0m&amp#27;[32m&amp#27;[1m"contact"&amp#27;[0m&amp#27;[32m page&amp#27;[0m                                        &amp#27;[90m# planit.steps.CommonSteps.goToPage(java.lang.String)&amp#27;[0m
  &amp#27;[32mAnd &amp#27;[0m&amp#27;[32mI click &amp#27;[0m&amp#27;[32m&amp#27;[1m"submit"&amp#27;[0m&amp#27;[32m on &amp#27;[0m&amp#27;[32m&amp#27;[1m"Contact"&amp#27;[0m&amp#27;[32m page&amp#27;[0m                            &amp#27;[90m# planit.steps.CommonSteps.clickElement(java.lang.String,java.lang.String)&amp#27;[0m
  &amp#27;[32mThen &amp#27;[0m&amp#27;[32mverify that the following is displayed on &amp#27;[0m&amp#27;[32m&amp#27;[1m"Contact"&amp#27;[0m&amp#27;[32m page&amp#27;[0m     &amp#27;[90m# planit.steps.CommonSteps.verifyDisplayed(java.lang.String,java.util.List<java.lang.String>)&amp#27;[0m
    | Forename error message |
    | Email error message    |
    | Message error message  |
  &amp#27;[32mAnd &amp#27;[0m&amp#27;[32mI populate the following fields on &amp#27;[0m&amp#27;[32m&amp#27;[1m"Contact"&amp#27;[0m&amp#27;[32m page&amp#27;[0m             &amp#27;[90m# planit.steps.CommonSteps.populateFields(java.lang.String,io.cucumber.datatable.DataTable)&amp#27;[0m
    | Forename | Email               | Message      |
    | John     | john.test@email.com | Test message |
  &amp#27;[32mThen &amp#27;[0m&amp#27;[32mverify that the following is not displayed on &amp#27;[0m&amp#27;[32m&amp#27;[1m"Contact"&amp#27;[0m&amp#27;[32m page&amp#27;[0m &amp#27;[90m# planit.steps.CommonSteps.verifyNotDisplayed(java.lang.String,java.util.List<java.lang.String>)&amp#27;[0m
    | Forename error message |
    | Email error message    |
    | Message error message  |
]]></system-out>
    <system-err><![CDATA[SLF4J: Failed to load class "org.slf4j.impl.StaticLoggerBinder".
SLF4J: Defaulting to no-operation (NOP) logger implementation
SLF4J: See http://www.slf4j.org/codes.html#StaticLoggerBinder for further details.
Starting ChromeDriver 106.0.5249.61 (511755355844955cd3e264779baf0dd38212a4d0-refs/branch-heads/5249@{#569}) on port 49339
Only local connections are allowed.
Please see https://chromedriver.chromium.org/security-considerations for suggestions on keeping ChromeDriver safe.
ChromeDriver was started successfully.
[1668009186.703][WARNING]: This version of ChromeDriver has not been tested with Chrome version 107.
Nov 09, 2022 11:53:07 PM org.openqa.selenium.remote.ProtocolHandshake createSession
INFO: Detected upstream dialect: W3C
Nov 09, 2022 11:53:07 PM org.openqa.selenium.devtools.CdpVersionFinder findNearestMatch
WARNING: Unable to find an exact match for CDP version 107, so returning the closest version found: 103
Nov 09, 2022 11:53:07 PM org.openqa.selenium.devtools.CdpVersionFinder findNearestMatch
INFO: Found CDP implementation for version 107 of 103
]]></system-err>
  </testcase>
  <testcase name="Submit contact details successfully #1" classname="Planit- Technical Assessment" time="20.918">
    <system-out><![CDATA[
@TestTechnicalAssessment
Scenario Outline: Submit contact details successfully   &amp#27;[90m# src/test/java/planit/features/TechnicalAssessment.feature:33&amp#27;[0m
  &amp#27;[32mGiven &amp#27;[0m&amp#27;[32mI navigate to &amp#27;[0m&amp#27;[32m&amp#27;[1m"Jupiter Toys"&amp#27;[0m&amp#27;[32m home page&amp#27;[0m          &amp#27;[90m# planit.steps.CommonSteps.navigateToAppHomePage(java.lang.String)&amp#27;[0m
  &amp#27;[32mAnd &amp#27;[0m&amp#27;[32mI go to &amp#27;[0m&amp#27;[32m&amp#27;[1m"contact"&amp#27;[0m&amp#27;[32m page&amp#27;[0m                            &amp#27;[90m# planit.steps.CommonSteps.goToPage(java.lang.String)&amp#27;[0m
  &amp#27;[32mAnd &amp#27;[0m&amp#27;[32mI populate the following fields on &amp#27;[0m&amp#27;[32m&amp#27;[1m"Contact"&amp#27;[0m&amp#27;[32m page&amp#27;[0m &amp#27;[90m# planit.steps.CommonSteps.populateFields(java.lang.String,io.cucumber.datatable.DataTable)&amp#27;[0m
    | Forename | Email              | Message         |
    | John     | johntest@email.com | Toys are great! |
  &amp#27;[32mAnd &amp#27;[0m&amp#27;[32mI click &amp#27;[0m&amp#27;[32m&amp#27;[1m"submit"&amp#27;[0m&amp#27;[32m on &amp#27;[0m&amp#27;[32m&amp#27;[1m"Contact"&amp#27;[0m&amp#27;[32m page&amp#27;[0m                &amp#27;[90m# planit.steps.CommonSteps.clickElement(java.lang.String,java.lang.String)&amp#27;[0m
loading progress is completed.
  &amp#27;[32mThen &amp#27;[0m&amp#27;[32mvalidate successful submission message&amp#27;[0m           &amp#27;[90m# planit.steps.ContactSteps.validateSuccessfulSubmissionMessage()&amp#27;[0m
]]></system-out>
    <system-err><![CDATA[Starting ChromeDriver 106.0.5249.61 (511755355844955cd3e264779baf0dd38212a4d0-refs/branch-heads/5249@{#569}) on port 57307
Only local connections are allowed.
Please see https://chromedriver.chromium.org/security-considerations for suggestions on keeping ChromeDriver safe.
ChromeDriver was started successfully.
[1668009203.415][WARNING]: This version of ChromeDriver has not been tested with Chrome version 107.
Nov 09, 2022 11:53:23 PM org.openqa.selenium.remote.ProtocolHandshake createSession
INFO: Detected upstream dialect: W3C
Nov 09, 2022 11:53:23 PM org.openqa.selenium.devtools.CdpVersionFinder findNearestMatch
WARNING: Unable to find an exact match for CDP version 107, so returning the closest version found: 103
Nov 09, 2022 11:53:23 PM org.openqa.selenium.devtools.CdpVersionFinder findNearestMatch
INFO: Found CDP implementation for version 107 of 103
]]></system-err>
  </testcase>
  <testcase name="Submit contact details successfully #2" classname="Planit- Technical Assessment" time="12.642">
    <system-out><![CDATA[
@TestTechnicalAssessment
Scenario Outline: Submit contact details successfully   &amp#27;[90m# src/test/java/planit/features/TechnicalAssessment.feature:34&amp#27;[0m
  &amp#27;[32mGiven &amp#27;[0m&amp#27;[32mI navigate to &amp#27;[0m&amp#27;[32m&amp#27;[1m"Jupiter Toys"&amp#27;[0m&amp#27;[32m home page&amp#27;[0m          &amp#27;[90m# planit.steps.CommonSteps.navigateToAppHomePage(java.lang.String)&amp#27;[0m
  &amp#27;[32mAnd &amp#27;[0m&amp#27;[32mI go to &amp#27;[0m&amp#27;[32m&amp#27;[1m"contact"&amp#27;[0m&amp#27;[32m page&amp#27;[0m                            &amp#27;[90m# planit.steps.CommonSteps.goToPage(java.lang.String)&amp#27;[0m
  &amp#27;[32mAnd &amp#27;[0m&amp#27;[32mI populate the following fields on &amp#27;[0m&amp#27;[32m&amp#27;[1m"Contact"&amp#27;[0m&amp#27;[32m page&amp#27;[0m &amp#27;[90m# planit.steps.CommonSteps.populateFields(java.lang.String,io.cucumber.datatable.DataTable)&amp#27;[0m
    | Forename | Email             | Message           |
    | Kai      | kaitest@email.com | Good stuffs here! |
  &amp#27;[32mAnd &amp#27;[0m&amp#27;[32mI click &amp#27;[0m&amp#27;[32m&amp#27;[1m"submit"&amp#27;[0m&amp#27;[32m on &amp#27;[0m&amp#27;[32m&amp#27;[1m"Contact"&amp#27;[0m&amp#27;[32m page&amp#27;[0m                &amp#27;[90m# planit.steps.CommonSteps.clickElement(java.lang.String,java.lang.String)&amp#27;[0m
loading progress is completed.
  &amp#27;[32mThen &amp#27;[0m&amp#27;[32mvalidate successful submission message&amp#27;[0m           &amp#27;[90m# planit.steps.ContactSteps.validateSuccessfulSubmissionMessage()&amp#27;[0m
]]></system-out>
    <system-err><![CDATA[Starting ChromeDriver 106.0.5249.61 (511755355844955cd3e264779baf0dd38212a4d0-refs/branch-heads/5249@{#569}) on port 57856
Only local connections are allowed.
Please see https://chromedriver.chromium.org/security-considerations for suggestions on keeping ChromeDriver safe.
ChromeDriver was started successfully.
[1668009224.302][WARNING]: This version of ChromeDriver has not been tested with Chrome version 107.
Nov 09, 2022 11:53:44 PM org.openqa.selenium.remote.ProtocolHandshake createSession
INFO: Detected upstream dialect: W3C
Nov 09, 2022 11:53:44 PM org.openqa.selenium.devtools.CdpVersionFinder findNearestMatch
WARNING: Unable to find an exact match for CDP version 107, so returning the closest version found: 103
Nov 09, 2022 11:53:44 PM org.openqa.selenium.devtools.CdpVersionFinder findNearestMatch
INFO: Found CDP implementation for version 107 of 103
]]></system-err>
  </testcase>
  <testcase name="Submit contact details successfully #3" classname="Planit- Technical Assessment" time="16.795">
    <system-out><![CDATA[
@TestTechnicalAssessment
Scenario Outline: Submit contact details successfully   &amp#27;[90m# src/test/java/planit/features/TechnicalAssessment.feature:35&amp#27;[0m
  &amp#27;[32mGiven &amp#27;[0m&amp#27;[32mI navigate to &amp#27;[0m&amp#27;[32m&amp#27;[1m"Jupiter Toys"&amp#27;[0m&amp#27;[32m home page&amp#27;[0m          &amp#27;[90m# planit.steps.CommonSteps.navigateToAppHomePage(java.lang.String)&amp#27;[0m
  &amp#27;[32mAnd &amp#27;[0m&amp#27;[32mI go to &amp#27;[0m&amp#27;[32m&amp#27;[1m"contact"&amp#27;[0m&amp#27;[32m page&amp#27;[0m                            &amp#27;[90m# planit.steps.CommonSteps.goToPage(java.lang.String)&amp#27;[0m
  &amp#27;[32mAnd &amp#27;[0m&amp#27;[32mI populate the following fields on &amp#27;[0m&amp#27;[32m&amp#27;[1m"Contact"&amp#27;[0m&amp#27;[32m page&amp#27;[0m &amp#27;[90m# planit.steps.CommonSteps.populateFields(java.lang.String,io.cucumber.datatable.DataTable)&amp#27;[0m
    | Forename | Email              | Message    |
    | Mary     | marytest@email.com | Keep it up |
  &amp#27;[32mAnd &amp#27;[0m&amp#27;[32mI click &amp#27;[0m&amp#27;[32m&amp#27;[1m"submit"&amp#27;[0m&amp#27;[32m on &amp#27;[0m&amp#27;[32m&amp#27;[1m"Contact"&amp#27;[0m&amp#27;[32m page&amp#27;[0m                &amp#27;[90m# planit.steps.CommonSteps.clickElement(java.lang.String,java.lang.String)&amp#27;[0m
loading progress is completed.
  &amp#27;[32mThen &amp#27;[0m&amp#27;[32mvalidate successful submission message&amp#27;[0m           &amp#27;[90m# planit.steps.ContactSteps.validateSuccessfulSubmissionMessage()&amp#27;[0m
]]></system-out>
    <system-err><![CDATA[Starting ChromeDriver 106.0.5249.61 (511755355844955cd3e264779baf0dd38212a4d0-refs/branch-heads/5249@{#569}) on port 53415
Only local connections are allowed.
Please see https://chromedriver.chromium.org/security-considerations for suggestions on keeping ChromeDriver safe.
ChromeDriver was started successfully.
[1668009236.986][WARNING]: This version of ChromeDriver has not been tested with Chrome version 107.
Nov 09, 2022 11:53:57 PM org.openqa.selenium.remote.ProtocolHandshake createSession
INFO: Detected upstream dialect: W3C
Nov 09, 2022 11:53:57 PM org.openqa.selenium.devtools.CdpVersionFinder findNearestMatch
WARNING: Unable to find an exact match for CDP version 107, so returning the closest version found: 103
Nov 09, 2022 11:53:57 PM org.openqa.selenium.devtools.CdpVersionFinder findNearestMatch
INFO: Found CDP implementation for version 107 of 103
]]></system-err>
  </testcase>
  <testcase name="Submit contact details successfully #4" classname="Planit- Technical Assessment" time="15.634">
    <system-out><![CDATA[
@TestTechnicalAssessment
Scenario Outline: Submit contact details successfully   &amp#27;[90m# src/test/java/planit/features/TechnicalAssessment.feature:36&amp#27;[0m
  &amp#27;[32mGiven &amp#27;[0m&amp#27;[32mI navigate to &amp#27;[0m&amp#27;[32m&amp#27;[1m"Jupiter Toys"&amp#27;[0m&amp#27;[32m home page&amp#27;[0m          &amp#27;[90m# planit.steps.CommonSteps.navigateToAppHomePage(java.lang.String)&amp#27;[0m
  &amp#27;[32mAnd &amp#27;[0m&amp#27;[32mI go to &amp#27;[0m&amp#27;[32m&amp#27;[1m"contact"&amp#27;[0m&amp#27;[32m page&amp#27;[0m                            &amp#27;[90m# planit.steps.CommonSteps.goToPage(java.lang.String)&amp#27;[0m
  &amp#27;[32mAnd &amp#27;[0m&amp#27;[32mI populate the following fields on &amp#27;[0m&amp#27;[32m&amp#27;[1m"Contact"&amp#27;[0m&amp#27;[32m page&amp#27;[0m &amp#27;[90m# planit.steps.CommonSteps.populateFields(java.lang.String,io.cucumber.datatable.DataTable)&amp#27;[0m
    | Forename | Email             | Message        |
    | Ann      | anntest@email.com | Will buy again |
  &amp#27;[32mAnd &amp#27;[0m&amp#27;[32mI click &amp#27;[0m&amp#27;[32m&amp#27;[1m"submit"&amp#27;[0m&amp#27;[32m on &amp#27;[0m&amp#27;[32m&amp#27;[1m"Contact"&amp#27;[0m&amp#27;[32m page&amp#27;[0m                &amp#27;[90m# planit.steps.CommonSteps.clickElement(java.lang.String,java.lang.String)&amp#27;[0m
loading progress is completed.
  &amp#27;[32mThen &amp#27;[0m&amp#27;[32mvalidate successful submission message&amp#27;[0m           &amp#27;[90m# planit.steps.ContactSteps.validateSuccessfulSubmissionMessage()&amp#27;[0m
]]></system-out>
    <system-err><![CDATA[Starting ChromeDriver 106.0.5249.61 (511755355844955cd3e264779baf0dd38212a4d0-refs/branch-heads/5249@{#569}) on port 53392
Only local connections are allowed.
Please see https://chromedriver.chromium.org/security-considerations for suggestions on keeping ChromeDriver safe.
ChromeDriver was started successfully.
[1668009255.290][WARNING]: This version of ChromeDriver has not been tested with Chrome version 107.
Nov 09, 2022 11:54:15 PM org.openqa.selenium.remote.ProtocolHandshake createSession
INFO: Detected upstream dialect: W3C
Nov 09, 2022 11:54:15 PM org.openqa.selenium.devtools.CdpVersionFinder findNearestMatch
WARNING: Unable to find an exact match for CDP version 107, so returning the closest version found: 103
Nov 09, 2022 11:54:15 PM org.openqa.selenium.devtools.CdpVersionFinder findNearestMatch
INFO: Found CDP implementation for version 107 of 103
]]></system-err>
  </testcase>
  <testcase name="Submit contact details successfully #5" classname="Planit- Technical Assessment" time="13.884">
    <system-out><![CDATA[
@TestTechnicalAssessment
Scenario Outline: Submit contact details successfully   &amp#27;[90m# src/test/java/planit/features/TechnicalAssessment.feature:37&amp#27;[0m
  &amp#27;[32mGiven &amp#27;[0m&amp#27;[32mI navigate to &amp#27;[0m&amp#27;[32m&amp#27;[1m"Jupiter Toys"&amp#27;[0m&amp#27;[32m home page&amp#27;[0m          &amp#27;[90m# planit.steps.CommonSteps.navigateToAppHomePage(java.lang.String)&amp#27;[0m
  &amp#27;[32mAnd &amp#27;[0m&amp#27;[32mI go to &amp#27;[0m&amp#27;[32m&amp#27;[1m"contact"&amp#27;[0m&amp#27;[32m page&amp#27;[0m                            &amp#27;[90m# planit.steps.CommonSteps.goToPage(java.lang.String)&amp#27;[0m
  &amp#27;[32mAnd &amp#27;[0m&amp#27;[32mI populate the following fields on &amp#27;[0m&amp#27;[32m&amp#27;[1m"Contact"&amp#27;[0m&amp#27;[32m page&amp#27;[0m &amp#27;[90m# planit.steps.CommonSteps.populateFields(java.lang.String,io.cucumber.datatable.DataTable)&amp#27;[0m
    | Forename | Email                | Message                          |
    | Nathan   | nathantest@email.com | Love it, Please have more stocks |
  &amp#27;[32mAnd &amp#27;[0m&amp#27;[32mI click &amp#27;[0m&amp#27;[32m&amp#27;[1m"submit"&amp#27;[0m&amp#27;[32m on &amp#27;[0m&amp#27;[32m&amp#27;[1m"Contact"&amp#27;[0m&amp#27;[32m page&amp#27;[0m                &amp#27;[90m# planit.steps.CommonSteps.clickElement(java.lang.String,java.lang.String)&amp#27;[0m
loading progress is completed.
  &amp#27;[32mThen &amp#27;[0m&amp#27;[32mvalidate successful submission message&amp#27;[0m           &amp#27;[90m# planit.steps.ContactSteps.validateSuccessfulSubmissionMessage()&amp#27;[0m
]]></system-out>
    <system-err><![CDATA[Starting ChromeDriver 106.0.5249.61 (511755355844955cd3e264779baf0dd38212a4d0-refs/branch-heads/5249@{#569}) on port 65016
Only local connections are allowed.
Please see https://chromedriver.chromium.org/security-considerations for suggestions on keeping ChromeDriver safe.
ChromeDriver was started successfully.
[1668009269.637][WARNING]: This version of ChromeDriver has not been tested with Chrome version 107.
Nov 09, 2022 11:54:29 PM org.openqa.selenium.remote.ProtocolHandshake createSession
INFO: Detected upstream dialect: W3C
Nov 09, 2022 11:54:29 PM org.openqa.selenium.devtools.CdpVersionFinder findNearestMatch
WARNING: Unable to find an exact match for CDP version 107, so returning the closest version found: 103
Nov 09, 2022 11:54:29 PM org.openqa.selenium.devtools.CdpVersionFinder findNearestMatch
INFO: Found CDP implementation for version 107 of 103
]]></system-err>
  </testcase>
  <testcase name="Contact Page Error Messages #2" classname="Planit- Technical Assessment" time="10.205">
    <system-out><![CDATA[
@TestTechnicalAssessment
Scenario: Contact Page Error Messages          &amp#27;[90m# src/test/java/planit/features/TechnicalAssessment.feature:41&amp#27;[0m
  &amp#27;[32mGiven &amp#27;[0m&amp#27;[32mI navigate to &amp#27;[0m&amp#27;[32m&amp#27;[1m"Jupiter Toys"&amp#27;[0m&amp#27;[32m home page&amp#27;[0m &amp#27;[90m# planit.steps.CommonSteps.navigateToAppHomePage(java.lang.String)&amp#27;[0m
  &amp#27;[32mAnd &amp#27;[0m&amp#27;[32mI go to &amp#27;[0m&amp#27;[32m&amp#27;[1m"shop"&amp#27;[0m&amp#27;[32m page&amp#27;[0m                      &amp#27;[90m# planit.steps.CommonSteps.goToPage(java.lang.String)&amp#27;[0m
  &amp#27;[32mAnd &amp#27;[0m&amp#27;[32mI buy the following toys&amp#27;[0m                 &amp#27;[90m# planit.steps.ShopSteps.buyToys(io.cucumber.datatable.DataTable)&amp#27;[0m
    | Stuffed Frog | Fluffy Bunny | Valentine Bear |
    | 2            | 5            | 3              |
  &amp#27;[32mAnd &amp#27;[0m&amp#27;[32mI go to &amp#27;[0m&amp#27;[32m&amp#27;[1m"cart"&amp#27;[0m&amp#27;[32m page&amp#27;[0m                      &amp#27;[90m# planit.steps.CommonSteps.goToPage(java.lang.String)&amp#27;[0m
  &amp#27;[32mThen &amp#27;[0m&amp#27;[32mI verify the subtotal for each product&amp#27;[0m  &amp#27;[90m# planit.steps.CartSteps.verifyProductSubtotal(io.cucumber.datatable.DataTable)&amp#27;[0m
    | Stuffed Frog | Fluffy Bunny | Valentine Bear |
    | $21.98       | $49.95       | $44.97         |
  &amp#27;[32mThen &amp#27;[0m&amp#27;[32mI verify the price for each product&amp#27;[0m     &amp#27;[90m# planit.steps.CartSteps.verifyProductPrice(io.cucumber.datatable.DataTable)&amp#27;[0m
    | Stuffed Frog | Fluffy Bunny | Valentine Bear |
    | $10.99       | $9.99        | $14.99         |
  &amp#27;[32mThen &amp#27;[0m&amp#27;[32mI verify that total = &amp#27;[0m&amp#27;[32m&amp#27;[1m"116.9"&amp#27;[0m           &amp#27;[90m# planit.steps.CartSteps.verifyTotalPrice(java.lang.String)&amp#27;[0m
]]></system-out>
    <system-err><![CDATA[Starting ChromeDriver 106.0.5249.61 (511755355844955cd3e264779baf0dd38212a4d0-refs/branch-heads/5249@{#569}) on port 57747
Only local connections are allowed.
Please see https://chromedriver.chromium.org/security-considerations for suggestions on keeping ChromeDriver safe.
ChromeDriver was started successfully.
[1668009283.204][WARNING]: This version of ChromeDriver has not been tested with Chrome version 107.
Nov 09, 2022 11:54:43 PM org.openqa.selenium.remote.ProtocolHandshake createSession
INFO: Detected upstream dialect: W3C
Nov 09, 2022 11:54:43 PM org.openqa.selenium.devtools.CdpVersionFinder findNearestMatch
WARNING: Unable to find an exact match for CDP version 107, so returning the closest version found: 103
Nov 09, 2022 11:54:43 PM org.openqa.selenium.devtools.CdpVersionFinder findNearestMatch
INFO: Found CDP implementation for version 107 of 103
]]></system-err>
  </testcase>
</testsuite>